2022-07-20 12:00:04  INFO  - com.company.UzCardDemoApplication  - Starting UzCardDemoApplication using Java 17.0.2 on LAPTOP-0A2TJCAS with PID 10936 (C:\Users\SUKHROB\IdeaProjects\UzCard_Demo\target\classes started by SUKHROB in C:\Users\SUKHROB\IdeaProjects\UzCard_Demo)
2022-07-20 12:00:04  INFO  - com.company.UzCardDemoApplication  - No active profile set, falling back to 1 default profile: "default"
2022-07-20 12:00:05  INFO  - org.springframework.data.repository.config.RepositoryConfigurationDelegate  - Bootstrapping Spring Data JPA repositories in DEFAULT mode.
2022-07-20 12:00:05  INFO  - org.springframework.data.repository.config.RepositoryConfigurationDelegate  - Finished Spring Data repository scanning in 44 ms. Found 4 JPA repository interfaces.
2022-07-20 12:00:05  INFO  - org.springframework.boot.web.embedded.tomcat.TomcatWebServer  - Tomcat initialized with port(s): 8080 (http)
2022-07-20 12:00:05  INFO  - org.apache.catalina.core.StandardService  - Starting service [Tomcat]
2022-07-20 12:00:05  INFO  - org.apache.catalina.core.StandardEngine  - Starting Servlet engine: [Apache Tomcat/9.0.64]
2022-07-20 12:00:05  INFO  - org.apache.catalina.core.ContainerBase.[Tomcat].[localhost].[/]  - Initializing Spring embedded WebApplicationContext
2022-07-20 12:00:05  INFO  - org.springframework.boot.web.servlet.context.ServletWebServerApplicationContext  - Root WebApplicationContext: initialization completed in 1714 ms
2022-07-20 12:00:05  INFO  - org.hibernate.jpa.internal.util.LogHelper  - HHH000204: Processing PersistenceUnitInfo [name: default]
2022-07-20 12:00:06  INFO  - org.hibernate.Version  - HHH000412: Hibernate ORM core version 5.6.9.Final
2022-07-20 12:00:06  INFO  - org.hibernate.annotations.common.Version  - HCANN000001: Hibernate Commons Annotations {5.1.2.Final}
2022-07-20 12:00:06  INFO  - com.zaxxer.hikari.HikariDataSource  - HikariPool-1 - Starting...
2022-07-20 12:00:06  INFO  - com.zaxxer.hikari.HikariDataSource  - HikariPool-1 - Start completed.
2022-07-20 12:00:06  INFO  - org.hibernate.dialect.Dialect  - HHH000400: Using dialect: org.hibernate.dialect.PostgreSQL10Dialect
2022-07-20 12:00:06  WARN  - org.hibernate.id.UUIDHexGenerator  - HHH000409: Using org.hibernate.id.UUIDHexGenerator which does not generate IETF RFC 4122 compliant UUID values; consider using org.hibernate.id.UUIDGenerator instead
2022-07-20 12:00:07  INFO  - org.hibernate.engine.transaction.jta.platform.internal.JtaPlatformInitiator  - HHH000490: Using JtaPlatform implementation: [org.hibernate.engine.transaction.jta.platform.internal.NoJtaPlatform]
2022-07-20 12:00:07  INFO  - org.springframework.orm.jpa.LocalContainerEntityManagerFactoryBean  - Initialized JPA EntityManagerFactory for persistence unit 'default'
2022-07-20 12:00:07  WARN  - org.springframework.boot.autoconfigure.orm.jpa.JpaBaseConfiguration$JpaWebConfiguration  - spring.jpa.open-in-view is enabled by default. Therefore, database queries may be performed during view rendering. Explicitly configure spring.jpa.open-in-view to disable this warning
2022-07-20 12:00:08  INFO  - org.springframework.security.web.DefaultSecurityFilterChain  - Will secure any request with [org.springframework.security.web.session.DisableEncodeUrlFilter@2ba4b32b, org.springframework.security.web.context.request.async.WebAsyncManagerIntegrationFilter@532e00bd, org.springframework.security.web.context.SecurityContextPersistenceFilter@293ba26c, org.springframework.security.web.header.HeaderWriterFilter@17e66aed, org.springframework.security.web.authentication.logout.LogoutFilter@36ec4071, com.company.config.JwtTokenFilter@4a8bf1dc, org.springframework.security.web.savedrequest.RequestCacheAwareFilter@5cff6d1d, org.springframework.security.web.servletapi.SecurityContextHolderAwareRequestFilter@395115ac, org.springframework.security.web.authentication.AnonymousAuthenticationFilter@47ab3688, org.springframework.security.web.session.SessionManagementFilter@315365ef, org.springframework.security.web.access.ExceptionTranslationFilter@60658389, org.springframework.security.web.access.intercept.FilterSecurityInterceptor@21539796]
2022-07-20 12:00:08  INFO  - org.springframework.boot.web.embedded.tomcat.TomcatWebServer  - Tomcat started on port(s): 8080 (http) with context path ''
2022-07-20 12:00:08  INFO  - com.company.UzCardDemoApplication  - Started UzCardDemoApplication in 4.916 seconds (JVM running for 5.733)
2022-07-20 12:00:47  INFO  - org.springframework.orm.jpa.LocalContainerEntityManagerFactoryBean  - Closing JPA EntityManagerFactory for persistence unit 'default'
2022-07-20 12:00:47  INFO  - com.zaxxer.hikari.HikariDataSource  - HikariPool-1 - Shutdown initiated...
2022-07-20 12:00:47  INFO  - com.zaxxer.hikari.HikariDataSource  - HikariPool-1 - Shutdown completed.
2022-07-20 12:02:14  INFO  - com.company.UzCardDemoApplication  - Starting UzCardDemoApplication using Java 17.0.2 on LAPTOP-0A2TJCAS with PID 7648 (C:\Users\SUKHROB\IdeaProjects\UzCard_Demo\target\classes started by SUKHROB in C:\Users\SUKHROB\IdeaProjects\UzCard_Demo)
2022-07-20 12:02:14  INFO  - com.company.UzCardDemoApplication  - No active profile set, falling back to 1 default profile: "default"
2022-07-20 12:02:15  INFO  - org.springframework.data.repository.config.RepositoryConfigurationDelegate  - Bootstrapping Spring Data JPA repositories in DEFAULT mode.
2022-07-20 12:02:15  INFO  - org.springframework.data.repository.config.RepositoryConfigurationDelegate  - Finished Spring Data repository scanning in 34 ms. Found 4 JPA repository interfaces.
2022-07-20 12:02:15  INFO  - org.springframework.boot.web.embedded.tomcat.TomcatWebServer  - Tomcat initialized with port(s): 8080 (http)
2022-07-20 12:02:15  INFO  - org.apache.catalina.core.StandardService  - Starting service [Tomcat]
2022-07-20 12:02:15  INFO  - org.apache.catalina.core.StandardEngine  - Starting Servlet engine: [Apache Tomcat/9.0.64]
2022-07-20 12:02:16  INFO  - org.apache.catalina.core.ContainerBase.[Tomcat].[localhost].[/]  - Initializing Spring embedded WebApplicationContext
2022-07-20 12:02:16  INFO  - org.springframework.boot.web.servlet.context.ServletWebServerApplicationContext  - Root WebApplicationContext: initialization completed in 1177 ms
2022-07-20 12:02:16  INFO  - org.hibernate.jpa.internal.util.LogHelper  - HHH000204: Processing PersistenceUnitInfo [name: default]
2022-07-20 12:02:16  INFO  - org.hibernate.Version  - HHH000412: Hibernate ORM core version 5.6.9.Final
2022-07-20 12:02:16  INFO  - org.hibernate.annotations.common.Version  - HCANN000001: Hibernate Commons Annotations {5.1.2.Final}
2022-07-20 12:02:16  INFO  - com.zaxxer.hikari.HikariDataSource  - HikariPool-1 - Starting...
2022-07-20 12:02:16  INFO  - com.zaxxer.hikari.HikariDataSource  - HikariPool-1 - Start completed.
2022-07-20 12:02:16  INFO  - org.hibernate.dialect.Dialect  - HHH000400: Using dialect: org.hibernate.dialect.PostgreSQL10Dialect
2022-07-20 12:02:16  WARN  - org.hibernate.id.UUIDHexGenerator  - HHH000409: Using org.hibernate.id.UUIDHexGenerator which does not generate IETF RFC 4122 compliant UUID values; consider using org.hibernate.id.UUIDGenerator instead
2022-07-20 12:02:16  INFO  - org.hibernate.engine.transaction.jta.platform.internal.JtaPlatformInitiator  - HHH000490: Using JtaPlatform implementation: [org.hibernate.engine.transaction.jta.platform.internal.NoJtaPlatform]
2022-07-20 12:02:16  INFO  - org.springframework.orm.jpa.LocalContainerEntityManagerFactoryBean  - Initialized JPA EntityManagerFactory for persistence unit 'default'
2022-07-20 12:02:17  WARN  - org.springframework.boot.autoconfigure.orm.jpa.JpaBaseConfiguration$JpaWebConfiguration  - spring.jpa.open-in-view is enabled by default. Therefore, database queries may be performed during view rendering. Explicitly configure spring.jpa.open-in-view to disable this warning
2022-07-20 12:02:17  INFO  - org.springframework.security.web.DefaultSecurityFilterChain  - Will secure any request with [org.springframework.security.web.session.DisableEncodeUrlFilter@49e92724, org.springframework.security.web.context.request.async.WebAsyncManagerIntegrationFilter@2ba4b32b, org.springframework.security.web.context.SecurityContextPersistenceFilter@5df7ae0a, org.springframework.security.web.header.HeaderWriterFilter@5b53c3c5, org.springframework.security.web.authentication.logout.LogoutFilter@16a15261, com.company.config.JwtTokenFilter@742dbac8, org.springframework.security.web.savedrequest.RequestCacheAwareFilter@36dc6b9, org.springframework.security.web.servletapi.SecurityContextHolderAwareRequestFilter@11678469, org.springframework.security.web.authentication.AnonymousAuthenticationFilter@532e00bd, org.springframework.security.web.session.SessionManagementFilter@68838767, org.springframework.security.web.access.ExceptionTranslationFilter@47d4468a, org.springframework.security.web.access.intercept.FilterSecurityInterceptor@73633230]
2022-07-20 12:02:17  INFO  - org.springframework.boot.web.embedded.tomcat.TomcatWebServer  - Tomcat started on port(s): 8080 (http) with context path ''
2022-07-20 12:02:18  INFO  - com.company.UzCardDemoApplication  - Started UzCardDemoApplication in 3.55 seconds (JVM running for 4.058)
2022-07-20 12:06:43  INFO  - org.apache.catalina.core.ContainerBase.[Tomcat].[localhost].[/]  - Initializing Spring DispatcherServlet 'dispatcherServlet'
2022-07-20 12:06:43  INFO  - org.springframework.web.servlet.DispatcherServlet  - Initializing Servlet 'dispatcherServlet'
2022-07-20 12:06:43  INFO  - org.springframework.web.servlet.DispatcherServlet  - Completed initialization in 2 ms
2022-07-20 12:06:49  INFO  - org.springframework.orm.jpa.LocalContainerEntityManagerFactoryBean  - Closing JPA EntityManagerFactory for persistence unit 'default'
2022-07-20 12:06:49  INFO  - com.zaxxer.hikari.HikariDataSource  - HikariPool-1 - Shutdown initiated...
2022-07-20 12:06:49  INFO  - com.zaxxer.hikari.HikariDataSource  - HikariPool-1 - Shutdown completed.
2022-07-20 12:11:28  INFO  - com.company.UzCardDemoApplication  - Starting UzCardDemoApplication using Java 17.0.2 on LAPTOP-0A2TJCAS with PID 1396 (C:\Users\SUKHROB\IdeaProjects\UzCard_Demo\target\classes started by SUKHROB in C:\Users\SUKHROB\IdeaProjects\UzCard_Demo)
2022-07-20 12:11:28  INFO  - com.company.UzCardDemoApplication  - No active profile set, falling back to 1 default profile: "default"
2022-07-20 12:11:29  INFO  - org.springframework.data.repository.config.RepositoryConfigurationDelegate  - Bootstrapping Spring Data JPA repositories in DEFAULT mode.
2022-07-20 12:11:29  INFO  - org.springframework.data.repository.config.RepositoryConfigurationDelegate  - Finished Spring Data repository scanning in 36 ms. Found 4 JPA repository interfaces.
2022-07-20 12:11:29  INFO  - org.springframework.boot.web.embedded.tomcat.TomcatWebServer  - Tomcat initialized with port(s): 8080 (http)
2022-07-20 12:11:29  INFO  - org.apache.catalina.core.StandardService  - Starting service [Tomcat]
2022-07-20 12:11:29  INFO  - org.apache.catalina.core.StandardEngine  - Starting Servlet engine: [Apache Tomcat/9.0.64]
2022-07-20 12:11:29  INFO  - org.apache.catalina.core.ContainerBase.[Tomcat].[localhost].[/]  - Initializing Spring embedded WebApplicationContext
2022-07-20 12:11:29  INFO  - org.springframework.boot.web.servlet.context.ServletWebServerApplicationContext  - Root WebApplicationContext: initialization completed in 1240 ms
2022-07-20 12:11:29  INFO  - org.hibernate.jpa.internal.util.LogHelper  - HHH000204: Processing PersistenceUnitInfo [name: default]
2022-07-20 12:11:29  INFO  - org.hibernate.Version  - HHH000412: Hibernate ORM core version 5.6.9.Final
2022-07-20 12:11:29  INFO  - org.hibernate.annotations.common.Version  - HCANN000001: Hibernate Commons Annotations {5.1.2.Final}
2022-07-20 12:11:29  INFO  - com.zaxxer.hikari.HikariDataSource  - HikariPool-1 - Starting...
2022-07-20 12:11:29  INFO  - com.zaxxer.hikari.HikariDataSource  - HikariPool-1 - Start completed.
2022-07-20 12:11:29  INFO  - org.hibernate.dialect.Dialect  - HHH000400: Using dialect: org.hibernate.dialect.PostgreSQL10Dialect
2022-07-20 12:11:30  WARN  - org.hibernate.id.UUIDHexGenerator  - HHH000409: Using org.hibernate.id.UUIDHexGenerator which does not generate IETF RFC 4122 compliant UUID values; consider using org.hibernate.id.UUIDGenerator instead
2022-07-20 12:11:30  INFO  - org.hibernate.engine.transaction.jta.platform.internal.JtaPlatformInitiator  - HHH000490: Using JtaPlatform implementation: [org.hibernate.engine.transaction.jta.platform.internal.NoJtaPlatform]
2022-07-20 12:11:30  INFO  - org.springframework.orm.jpa.LocalContainerEntityManagerFactoryBean  - Initialized JPA EntityManagerFactory for persistence unit 'default'
2022-07-20 12:11:30  WARN  - org.springframework.boot.autoconfigure.orm.jpa.JpaBaseConfiguration$JpaWebConfiguration  - spring.jpa.open-in-view is enabled by default. Therefore, database queries may be performed during view rendering. Explicitly configure spring.jpa.open-in-view to disable this warning
2022-07-20 12:11:31  INFO  - org.springframework.security.web.DefaultSecurityFilterChain  - Will secure any request with [org.springframework.security.web.session.DisableEncodeUrlFilter@73633230, org.springframework.security.web.context.request.async.WebAsyncManagerIntegrationFilter@21539796, org.springframework.security.web.context.SecurityContextPersistenceFilter@65dd2191, org.springframework.security.web.header.HeaderWriterFilter@41831611, org.springframework.security.web.authentication.logout.LogoutFilter@2fca9fae, com.company.config.JwtTokenFilter@3a66d97e, org.springframework.security.web.savedrequest.RequestCacheAwareFilter@2f98fe6f, org.springframework.security.web.servletapi.SecurityContextHolderAwareRequestFilter@9ba167e, org.springframework.security.web.authentication.AnonymousAuthenticationFilter@215f8d7, org.springframework.security.web.session.SessionManagementFilter@3e563293, org.springframework.security.web.access.ExceptionTranslationFilter@7095b688, org.springframework.security.web.access.intercept.FilterSecurityInterceptor@4425b6ed]
2022-07-20 12:11:31  INFO  - org.springframework.boot.web.embedded.tomcat.TomcatWebServer  - Tomcat started on port(s): 8080 (http) with context path ''
2022-07-20 12:11:31  INFO  - com.company.UzCardDemoApplication  - Started UzCardDemoApplication in 3.584 seconds (JVM running for 4.135)
2022-07-20 12:11:57  INFO  - org.apache.catalina.core.ContainerBase.[Tomcat].[localhost].[/]  - Initializing Spring DispatcherServlet 'dispatcherServlet'
2022-07-20 12:11:57  INFO  - org.springframework.web.servlet.DispatcherServlet  - Initializing Servlet 'dispatcherServlet'
2022-07-20 12:11:57  INFO  - org.springframework.web.servlet.DispatcherServlet  - Completed initialization in 0 ms
2022-07-20 12:17:18  WARN  - org.springframework.web.servlet.mvc.support.DefaultHandlerExceptionResolver  - Resolved [org.springframework.http.converter.HttpMessageNotReadableException: JSON parse error: Cannot deserialize value of type `java.time.LocalDateTime` from String "12-02-2024": Failed to deserialize java.time.LocalDateTime: (java.time.format.DateTimeParseException) Text '12-02-2024' could not be parsed at index 0; nested exception is com.fasterxml.jackson.databind.exc.InvalidFormatException: Cannot deserialize value of type `java.time.LocalDateTime` from String "12-02-2024": Failed to deserialize java.time.LocalDateTime: (java.time.format.DateTimeParseException) Text '12-02-2024' could not be parsed at index 0<EOL> at [Source: (org.springframework.util.StreamUtils$NonClosingInputStream); line: 2, column: 18] (through reference chain: com.company.dto.card.CardDTO["expiredDate"])]
2022-07-20 12:18:53  WARN  - org.springframework.web.servlet.mvc.support.DefaultHandlerExceptionResolver  - Resolved [org.springframework.http.converter.HttpMessageNotReadableException: JSON parse error: Cannot deserialize value of type `java.time.LocalDateTime` from String "12-02-2024": Failed to deserialize java.time.LocalDateTime: (java.time.format.DateTimeParseException) Text '12-02-2024' could not be parsed at index 0; nested exception is com.fasterxml.jackson.databind.exc.InvalidFormatException: Cannot deserialize value of type `java.time.LocalDateTime` from String "12-02-2024": Failed to deserialize java.time.LocalDateTime: (java.time.format.DateTimeParseException) Text '12-02-2024' could not be parsed at index 0<EOL> at [Source: (org.springframework.util.StreamUtils$NonClosingInputStream); line: 2, column: 18] (through reference chain: com.company.dto.card.CardDTO["expiredDate"])]
2022-07-20 12:19:12  WARN  - org.springframework.web.servlet.mvc.support.DefaultHandlerExceptionResolver  - Resolved [org.springframework.http.converter.HttpMessageNotReadableException: JSON parse error: Cannot deserialize value of type `java.time.LocalDateTime` from String "12-02-2024": Failed to deserialize java.time.LocalDateTime: (java.time.format.DateTimeParseException) Text '12-02-2024' could not be parsed at index 0; nested exception is com.fasterxml.jackson.databind.exc.InvalidFormatException: Cannot deserialize value of type `java.time.LocalDateTime` from String "12-02-2024": Failed to deserialize java.time.LocalDateTime: (java.time.format.DateTimeParseException) Text '12-02-2024' could not be parsed at index 0<EOL> at [Source: (org.springframework.util.StreamUtils$NonClosingInputStream); line: 2, column: 18] (through reference chain: com.company.dto.card.CardDTO["expiredDate"])]
2022-07-20 12:19:56  WARN  - org.springframework.web.servlet.mvc.support.DefaultHandlerExceptionResolver  - Resolved [org.springframework.http.converter.HttpMessageNotReadableException: JSON parse error: Cannot deserialize value of type `java.time.LocalDateTime` from String "12-02-2024": Failed to deserialize java.time.LocalDateTime: (java.time.format.DateTimeParseException) Text '12-02-2024' could not be parsed at index 0; nested exception is com.fasterxml.jackson.databind.exc.InvalidFormatException: Cannot deserialize value of type `java.time.LocalDateTime` from String "12-02-2024": Failed to deserialize java.time.LocalDateTime: (java.time.format.DateTimeParseException) Text '12-02-2024' could not be parsed at index 0<EOL> at [Source: (org.springframework.util.StreamUtils$NonClosingInputStream); line: 2, column: 18] (through reference chain: com.company.dto.card.CardDTO["expiredDate"])]
2022-07-20 12:21:18  WARN  - org.springframework.web.servlet.mvc.support.DefaultHandlerExceptionResolver  - Resolved [org.springframework.http.converter.HttpMessageNotReadableException: JSON parse error: Cannot deserialize value of type `java.time.LocalDateTime` from String "2024-12-01": Failed to deserialize java.time.LocalDateTime: (java.time.format.DateTimeParseException) Text '2024-12-01' could not be parsed at index 10; nested exception is com.fasterxml.jackson.databind.exc.InvalidFormatException: Cannot deserialize value of type `java.time.LocalDateTime` from String "2024-12-01": Failed to deserialize java.time.LocalDateTime: (java.time.format.DateTimeParseException) Text '2024-12-01' could not be parsed at index 10<EOL> at [Source: (org.springframework.util.StreamUtils$NonClosingInputStream); line: 2, column: 18] (through reference chain: com.company.dto.card.CardDTO["expiredDate"])]
2022-07-20 12:21:30  INFO  - org.springframework.orm.jpa.LocalContainerEntityManagerFactoryBean  - Closing JPA EntityManagerFactory for persistence unit 'default'
2022-07-20 12:21:30  INFO  - com.zaxxer.hikari.HikariDataSource  - HikariPool-1 - Shutdown initiated...
2022-07-20 12:21:30  INFO  - com.zaxxer.hikari.HikariDataSource  - HikariPool-1 - Shutdown completed.
2022-07-20 12:27:42  INFO  - com.company.UzCardDemoApplication  - Starting UzCardDemoApplication using Java 17.0.2 on LAPTOP-0A2TJCAS with PID 16228 (C:\Users\SUKHROB\IdeaProjects\UzCard_Demo\target\classes started by SUKHROB in C:\Users\SUKHROB\IdeaProjects\UzCard_Demo)
2022-07-20 12:27:42  INFO  - com.company.UzCardDemoApplication  - No active profile set, falling back to 1 default profile: "default"
2022-07-20 12:27:42  INFO  - org.springframework.data.repository.config.RepositoryConfigurationDelegate  - Bootstrapping Spring Data JPA repositories in DEFAULT mode.
2022-07-20 12:27:42  INFO  - org.springframework.data.repository.config.RepositoryConfigurationDelegate  - Finished Spring Data repository scanning in 35 ms. Found 4 JPA repository interfaces.
2022-07-20 12:27:43  INFO  - org.springframework.boot.web.embedded.tomcat.TomcatWebServer  - Tomcat initialized with port(s): 8080 (http)
2022-07-20 12:27:43  INFO  - org.apache.catalina.core.StandardService  - Starting service [Tomcat]
2022-07-20 12:27:43  INFO  - org.apache.catalina.core.StandardEngine  - Starting Servlet engine: [Apache Tomcat/9.0.64]
2022-07-20 12:27:43  INFO  - org.apache.catalina.core.ContainerBase.[Tomcat].[localhost].[/]  - Initializing Spring embedded WebApplicationContext
2022-07-20 12:27:43  INFO  - org.springframework.boot.web.servlet.context.ServletWebServerApplicationContext  - Root WebApplicationContext: initialization completed in 1184 ms
2022-07-20 12:27:43  INFO  - org.hibernate.jpa.internal.util.LogHelper  - HHH000204: Processing PersistenceUnitInfo [name: default]
2022-07-20 12:27:43  INFO  - org.hibernate.Version  - HHH000412: Hibernate ORM core version 5.6.9.Final
2022-07-20 12:27:43  INFO  - org.hibernate.annotations.common.Version  - HCANN000001: Hibernate Commons Annotations {5.1.2.Final}
2022-07-20 12:27:43  INFO  - com.zaxxer.hikari.HikariDataSource  - HikariPool-1 - Starting...
2022-07-20 12:27:43  INFO  - com.zaxxer.hikari.HikariDataSource  - HikariPool-1 - Start completed.
2022-07-20 12:27:43  INFO  - org.hibernate.dialect.Dialect  - HHH000400: Using dialect: org.hibernate.dialect.PostgreSQL10Dialect
2022-07-20 12:27:43  WARN  - org.hibernate.id.UUIDHexGenerator  - HHH000409: Using org.hibernate.id.UUIDHexGenerator which does not generate IETF RFC 4122 compliant UUID values; consider using org.hibernate.id.UUIDGenerator instead
2022-07-20 12:27:44  INFO  - org.hibernate.engine.transaction.jta.platform.internal.JtaPlatformInitiator  - HHH000490: Using JtaPlatform implementation: [org.hibernate.engine.transaction.jta.platform.internal.NoJtaPlatform]
2022-07-20 12:27:44  INFO  - org.springframework.orm.jpa.LocalContainerEntityManagerFactoryBean  - Initialized JPA EntityManagerFactory for persistence unit 'default'
2022-07-20 12:27:44  WARN  - org.springframework.boot.autoconfigure.orm.jpa.JpaBaseConfiguration$JpaWebConfiguration  - spring.jpa.open-in-view is enabled by default. Therefore, database queries may be performed during view rendering. Explicitly configure spring.jpa.open-in-view to disable this warning
2022-07-20 12:27:44  INFO  - org.springframework.security.web.DefaultSecurityFilterChain  - Will secure any request with [org.springframework.security.web.session.DisableEncodeUrlFilter@49e92724, org.springframework.security.web.context.request.async.WebAsyncManagerIntegrationFilter@2ba4b32b, org.springframework.security.web.context.SecurityContextPersistenceFilter@147aceec, org.springframework.security.web.header.HeaderWriterFilter@47d4468a, org.springframework.security.web.authentication.logout.LogoutFilter@673a5aa7, com.company.config.JwtTokenFilter@742dbac8, org.springframework.security.web.savedrequest.RequestCacheAwareFilter@315365ef, org.springframework.security.web.servletapi.SecurityContextHolderAwareRequestFilter@4844e24b, org.springframework.security.web.authentication.AnonymousAuthenticationFilter@532e00bd, org.springframework.security.web.session.SessionManagementFilter@60739eca, org.springframework.security.web.access.ExceptionTranslationFilter@7e2f16bd, org.springframework.security.web.access.intercept.FilterSecurityInterceptor@73633230]
2022-07-20 12:27:45  INFO  - org.springframework.boot.web.embedded.tomcat.TomcatWebServer  - Tomcat started on port(s): 8080 (http) with context path ''
2022-07-20 12:27:45  INFO  - com.company.UzCardDemoApplication  - Started UzCardDemoApplication in 3.481 seconds (JVM running for 3.968)
2022-07-20 12:28:06  INFO  - org.apache.catalina.core.ContainerBase.[Tomcat].[localhost].[/]  - Initializing Spring DispatcherServlet 'dispatcherServlet'
2022-07-20 12:28:06  INFO  - org.springframework.web.servlet.DispatcherServlet  - Initializing Servlet 'dispatcherServlet'
2022-07-20 12:28:06  INFO  - org.springframework.web.servlet.DispatcherServlet  - Completed initialization in 0 ms
2022-07-20 12:28:19  INFO  - org.springframework.orm.jpa.LocalContainerEntityManagerFactoryBean  - Closing JPA EntityManagerFactory for persistence unit 'default'
2022-07-20 12:28:19  INFO  - com.zaxxer.hikari.HikariDataSource  - HikariPool-1 - Shutdown initiated...
2022-07-20 12:28:19  INFO  - com.zaxxer.hikari.HikariDataSource  - HikariPool-1 - Shutdown completed.
2022-07-20 12:39:02  INFO  - com.company.UzCardDemoApplication  - Starting UzCardDemoApplication using Java 17.0.2 on LAPTOP-0A2TJCAS with PID 6916 (C:\Users\SUKHROB\IdeaProjects\UzCard_Demo\target\classes started by SUKHROB in C:\Users\SUKHROB\IdeaProjects\UzCard_Demo)
2022-07-20 12:39:02  INFO  - com.company.UzCardDemoApplication  - No active profile set, falling back to 1 default profile: "default"
2022-07-20 12:39:03  INFO  - org.springframework.data.repository.config.RepositoryConfigurationDelegate  - Bootstrapping Spring Data JPA repositories in DEFAULT mode.
2022-07-20 12:39:03  INFO  - org.springframework.data.repository.config.RepositoryConfigurationDelegate  - Finished Spring Data repository scanning in 32 ms. Found 4 JPA repository interfaces.
2022-07-20 12:39:04  INFO  - org.springframework.boot.web.embedded.tomcat.TomcatWebServer  - Tomcat initialized with port(s): 8080 (http)
2022-07-20 12:39:04  INFO  - org.apache.catalina.core.StandardService  - Starting service [Tomcat]
2022-07-20 12:39:04  INFO  - org.apache.catalina.core.StandardEngine  - Starting Servlet engine: [Apache Tomcat/9.0.64]
2022-07-20 12:39:04  INFO  - org.apache.catalina.core.ContainerBase.[Tomcat].[localhost].[/]  - Initializing Spring embedded WebApplicationContext
2022-07-20 12:39:04  INFO  - org.springframework.boot.web.servlet.context.ServletWebServerApplicationContext  - Root WebApplicationContext: initialization completed in 1184 ms
2022-07-20 12:39:04  INFO  - org.hibernate.jpa.internal.util.LogHelper  - HHH000204: Processing PersistenceUnitInfo [name: default]
2022-07-20 12:39:04  INFO  - org.hibernate.Version  - HHH000412: Hibernate ORM core version 5.6.9.Final
2022-07-20 12:39:04  INFO  - org.hibernate.annotations.common.Version  - HCANN000001: Hibernate Commons Annotations {5.1.2.Final}
2022-07-20 12:39:04  INFO  - com.zaxxer.hikari.HikariDataSource  - HikariPool-1 - Starting...
2022-07-20 12:39:04  INFO  - com.zaxxer.hikari.HikariDataSource  - HikariPool-1 - Start completed.
2022-07-20 12:39:04  INFO  - org.hibernate.dialect.Dialect  - HHH000400: Using dialect: org.hibernate.dialect.PostgreSQL10Dialect
2022-07-20 12:39:04  WARN  - org.hibernate.id.UUIDHexGenerator  - HHH000409: Using org.hibernate.id.UUIDHexGenerator which does not generate IETF RFC 4122 compliant UUID values; consider using org.hibernate.id.UUIDGenerator instead
2022-07-20 12:39:05  INFO  - org.hibernate.engine.transaction.jta.platform.internal.JtaPlatformInitiator  - HHH000490: Using JtaPlatform implementation: [org.hibernate.engine.transaction.jta.platform.internal.NoJtaPlatform]
2022-07-20 12:39:05  INFO  - org.springframework.orm.jpa.LocalContainerEntityManagerFactoryBean  - Initialized JPA EntityManagerFactory for persistence unit 'default'
2022-07-20 12:39:05  WARN  - org.springframework.boot.autoconfigure.orm.jpa.JpaBaseConfiguration$JpaWebConfiguration  - spring.jpa.open-in-view is enabled by default. Therefore, database queries may be performed during view rendering. Explicitly configure spring.jpa.open-in-view to disable this warning
2022-07-20 12:39:05  INFO  - org.springframework.security.web.DefaultSecurityFilterChain  - Will secure any request with [org.springframework.security.web.session.DisableEncodeUrlFilter@47fbf95e, org.springframework.security.web.context.request.async.WebAsyncManagerIntegrationFilter@49482761, org.springframework.security.web.context.SecurityContextPersistenceFilter@5df7ae0a, org.springframework.security.web.header.HeaderWriterFilter@5b53c3c5, org.springframework.security.web.authentication.logout.LogoutFilter@16a15261, com.company.config.JwtTokenFilter@742dbac8, org.springframework.security.web.savedrequest.RequestCacheAwareFilter@36dc6b9, org.springframework.security.web.servletapi.SecurityContextHolderAwareRequestFilter@11678469, org.springframework.security.web.authentication.AnonymousAuthenticationFilter@6ac0fd1d, org.springframework.security.web.session.SessionManagementFilter@68838767, org.springframework.security.web.access.ExceptionTranslationFilter@47d4468a, org.springframework.security.web.access.intercept.FilterSecurityInterceptor@34a99d8]
2022-07-20 12:39:05  INFO  - org.springframework.boot.web.embedded.tomcat.TomcatWebServer  - Tomcat started on port(s): 8080 (http) with context path ''
2022-07-20 12:39:06  INFO  - com.company.UzCardDemoApplication  - Started UzCardDemoApplication in 3.573 seconds (JVM running for 4.093)
2022-07-20 12:39:12  INFO  - org.apache.catalina.core.ContainerBase.[Tomcat].[localhost].[/]  - Initializing Spring DispatcherServlet 'dispatcherServlet'
2022-07-20 12:39:12  INFO  - org.springframework.web.servlet.DispatcherServlet  - Initializing Servlet 'dispatcherServlet'
2022-07-20 12:39:12  INFO  - org.springframework.web.servlet.DispatcherServlet  - Completed initialization in 0 ms
2022-07-20 12:41:17  INFO  - org.springframework.orm.jpa.LocalContainerEntityManagerFactoryBean  - Closing JPA EntityManagerFactory for persistence unit 'default'
2022-07-20 12:41:17  INFO  - com.zaxxer.hikari.HikariDataSource  - HikariPool-1 - Shutdown initiated...
2022-07-20 12:41:17  INFO  - com.zaxxer.hikari.HikariDataSource  - HikariPool-1 - Shutdown completed.
2022-07-20 12:41:24  INFO  - com.company.UzCardDemoApplication  - Starting UzCardDemoApplication using Java 17.0.2 on LAPTOP-0A2TJCAS with PID 2540 (C:\Users\SUKHROB\IdeaProjects\UzCard_Demo\target\classes started by SUKHROB in C:\Users\SUKHROB\IdeaProjects\UzCard_Demo)
2022-07-20 12:41:24  INFO  - com.company.UzCardDemoApplication  - No active profile set, falling back to 1 default profile: "default"
2022-07-20 12:41:24  INFO  - org.springframework.data.repository.config.RepositoryConfigurationDelegate  - Bootstrapping Spring Data JPA repositories in DEFAULT mode.
2022-07-20 12:41:24  INFO  - org.springframework.data.repository.config.RepositoryConfigurationDelegate  - Finished Spring Data repository scanning in 40 ms. Found 4 JPA repository interfaces.
2022-07-20 12:41:25  INFO  - org.springframework.boot.web.embedded.tomcat.TomcatWebServer  - Tomcat initialized with port(s): 8080 (http)
2022-07-20 12:41:25  INFO  - org.apache.catalina.core.StandardService  - Starting service [Tomcat]
2022-07-20 12:41:25  INFO  - org.apache.catalina.core.StandardEngine  - Starting Servlet engine: [Apache Tomcat/9.0.64]
2022-07-20 12:41:25  INFO  - org.apache.catalina.core.ContainerBase.[Tomcat].[localhost].[/]  - Initializing Spring embedded WebApplicationContext
2022-07-20 12:41:25  INFO  - org.springframework.boot.web.servlet.context.ServletWebServerApplicationContext  - Root WebApplicationContext: initialization completed in 1317 ms
2022-07-20 12:41:25  INFO  - org.hibernate.jpa.internal.util.LogHelper  - HHH000204: Processing PersistenceUnitInfo [name: default]
2022-07-20 12:41:25  INFO  - org.hibernate.Version  - HHH000412: Hibernate ORM core version 5.6.9.Final
2022-07-20 12:41:25  INFO  - org.hibernate.annotations.common.Version  - HCANN000001: Hibernate Commons Annotations {5.1.2.Final}
2022-07-20 12:41:25  INFO  - com.zaxxer.hikari.HikariDataSource  - HikariPool-1 - Starting...
2022-07-20 12:41:25  INFO  - com.zaxxer.hikari.HikariDataSource  - HikariPool-1 - Start completed.
2022-07-20 12:41:25  INFO  - org.hibernate.dialect.Dialect  - HHH000400: Using dialect: org.hibernate.dialect.PostgreSQL10Dialect
2022-07-20 12:41:26  WARN  - org.hibernate.id.UUIDHexGenerator  - HHH000409: Using org.hibernate.id.UUIDHexGenerator which does not generate IETF RFC 4122 compliant UUID values; consider using org.hibernate.id.UUIDGenerator instead
2022-07-20 12:41:26  INFO  - org.hibernate.engine.transaction.jta.platform.internal.JtaPlatformInitiator  - HHH000490: Using JtaPlatform implementation: [org.hibernate.engine.transaction.jta.platform.internal.NoJtaPlatform]
2022-07-20 12:41:26  INFO  - org.springframework.orm.jpa.LocalContainerEntityManagerFactoryBean  - Initialized JPA EntityManagerFactory for persistence unit 'default'
2022-07-20 12:41:26  WARN  - org.springframework.boot.autoconfigure.orm.jpa.JpaBaseConfiguration$JpaWebConfiguration  - spring.jpa.open-in-view is enabled by default. Therefore, database queries may be performed during view rendering. Explicitly configure spring.jpa.open-in-view to disable this warning
2022-07-20 12:41:27  INFO  - org.springframework.security.web.DefaultSecurityFilterChain  - Will secure any request with [org.springframework.security.web.session.DisableEncodeUrlFilter@215f8d7, org.springframework.security.web.context.request.async.WebAsyncManagerIntegrationFilter@69d2c460, org.springframework.security.web.context.SecurityContextPersistenceFilter@2f98fe6f, org.springframework.security.web.header.HeaderWriterFilter@5749e633, org.springframework.security.web.authentication.logout.LogoutFilter@54d2887a, com.company.config.JwtTokenFilter@1aee6983, org.springframework.security.web.savedrequest.RequestCacheAwareFilter@7d0312a, org.springframework.security.web.servletapi.SecurityContextHolderAwareRequestFilter@147aceec, org.springframework.security.web.authentication.AnonymousAuthenticationFilter@34a99d8, org.springframework.security.web.session.SessionManagementFilter@17e66aed, org.springframework.security.web.access.ExceptionTranslationFilter@bddac1c, org.springframework.security.web.access.intercept.FilterSecurityInterceptor@5039c2cf]
2022-07-20 12:41:27  INFO  - org.springframework.boot.web.embedded.tomcat.TomcatWebServer  - Tomcat started on port(s): 8080 (http) with context path ''
2022-07-20 12:41:27  INFO  - com.company.UzCardDemoApplication  - Started UzCardDemoApplication in 3.891 seconds (JVM running for 4.635)
2022-07-20 12:41:31  INFO  - org.apache.catalina.core.ContainerBase.[Tomcat].[localhost].[/]  - Initializing Spring DispatcherServlet 'dispatcherServlet'
2022-07-20 12:41:31  INFO  - org.springframework.web.servlet.DispatcherServlet  - Initializing Servlet 'dispatcherServlet'
2022-07-20 12:41:31  INFO  - org.springframework.web.servlet.DispatcherServlet  - Completed initialization in 0 ms
2022-07-20 12:44:47  INFO  - org.springframework.orm.jpa.LocalContainerEntityManagerFactoryBean  - Closing JPA EntityManagerFactory for persistence unit 'default'
2022-07-20 12:44:47  INFO  - com.zaxxer.hikari.HikariDataSource  - HikariPool-1 - Shutdown initiated...
2022-07-20 12:44:47  INFO  - com.zaxxer.hikari.HikariDataSource  - HikariPool-1 - Shutdown completed.
